<?xml version="1.0" encoding="UTF-8"?>
<!-- Generated by org.testng.reporters.JUnitXMLReporter -->
<testsuite ignored="0" hostname="Amals_HP_Envy" failures="0" tests="4" name="Add Customer Login Test" time="14.331" errors="0" timestamp="2025-03-15T21:28:00 EDT">
  <testcase classname="amal2004.testcases.AddCustomerTest" name="addCustomerTest" time="5.635"/>
  <testcase classname="amal2004.testcases.AddCustomerTest" name="addCustomerTest" time="0.0">
    <skipped/>
  </testcase> <!-- addCustomerTest -->
  <testcase classname="amal2004.testcases.AddCustomerTest" name="addCustomerTest" time="4.364"/>
  <testcase classname="amal2004.testcases.AddCustomerTest" name="addCustomerTest" time="4.311"/>
</testsuite> <!-- Add Customer Login Test -->
