<?xml version="1.0" encoding="UTF-8"?>
<!-- Generated by org.testng.reporters.JUnitXMLReporter -->
<testsuite ignored="0" hostname="Amals_HP_Envy" failures="0" tests="4" name="Add Customer Login Test" time="13.88" errors="0" timestamp="2025-03-29T17:40:33 EDT">
  <testcase classname="amal2004.testcases.AddCustomerTest" name="addCustomerTest" time="5.244"/>
  <testcase classname="amal2004.testcases.AddCustomerTest" name="addCustomerTest" time="0.003">
    <skipped/>
  </testcase> <!-- addCustomerTest -->
  <testcase classname="amal2004.testcases.AddCustomerTest" name="addCustomerTest" time="4.302"/>
  <testcase classname="amal2004.testcases.AddCustomerTest" name="addCustomerTest" time="4.284"/>
</testsuite> <!-- Add Customer Login Test -->
