<?xml version="1.0" encoding="UTF-8"?>
<!-- Generated by org.testng.reporters.JUnitXMLReporter -->
<testsuite ignored="0" hostname="Amals_HP_Envy" failures="0" tests="4" name="Add Customer Login Test" time="14.982" errors="0" timestamp="2025-04-21T22:18:12 EDT">
  <testcase classname="amal2004.testcases.AddCustomerTest" name="addCustomerTest" time="5.198"/>
  <testcase classname="amal2004.testcases.AddCustomerTest" name="addCustomerTest" time="0.001">
    <skipped/>
  </testcase> <!-- addCustomerTest -->
  <testcase classname="amal2004.testcases.AddCustomerTest" name="addCustomerTest" time="4.77"/>
  <testcase classname="amal2004.testcases.AddCustomerTest" name="addCustomerTest" time="4.468"/>
</testsuite> <!-- Add Customer Login Test -->
