<?xml version="1.0" encoding="UTF-8"?>
<testsuite xmlns:xsi="http://www.w3.org/2001/XMLSchema-instance" xsi:noNamespaceSchemaLocation="https://maven.apache.org/surefire/maven-surefire-plugin/xsd/surefire-test-report.xsd" version="3.0.2" name="TestSuite" time="29.832" tests="6" errors="0" skipped="1" failures="0">
  <properties>
[...]
</properties>
  <testcase name="bankManagerLoginTest" classname="amal2004.testcases.BankManagerLoginTest" time="5.132">
    <system-out><![CDATA[2025-03-16T01:27:35.951391100Z main DEBUG Apache Log4j Core 2.24 initializing configuration XmlConfiguration[location=C:\Users\amalw\eclipse-workspace\DataDrivenFramework\target\test-classes\log4j2.xml, lastModified=2025-03-16T01:26:25.035Z]
2025-03-16T01:27:35.953612600Z main DEBUG PluginManager 'Core' found 131 plugins
2025-03-16T01:27:35.953612600Z main DEBUG PluginManager 'Level' found 0 plugins
2025-03-16T01:27:35.955526800Z main DEBUG PluginManager 'Lookup' found 16 plugins
2025-03-16T01:27:35.956526500Z main DEBUG Building Plugin[name=layout, class=org.apache.logging.log4j.core.layout.PatternLayout].
2025-03-16T01:27:35.965526900Z main TRACE TypeConverterRegistry initializing.
2025-03-16T01:27:35.965526900Z main DEBUG PluginManager 'TypeConverter' found 26 plugins
2025-03-16T01:27:35.972526400Z main DEBUG PatternLayout$Builder(pattern="%d{yyyy-MM-dd HH:mm:ss.SSS} [%t] %-5level %logger{36} - %msg%n", PatternSelector=null, Configuration(C:\Users\amalw\eclipse-workspace\DataDrivenFramework\target\test-classes\log4j2.xml), Replace=null, charset="null", alwaysWriteExceptions="null", disableAnsi="null", noConsoleNoAnsi="null", header="null", footer="null")
2025-03-16T01:27:35.972526400Z main DEBUG PluginManager 'Converter' found 45 plugins
2025-03-16T01:27:35.975611400Z main DEBUG Building Plugin[name=TimeBasedTriggeringPolicy, class=org.apache.logging.log4j.core.appender.rolling.TimeBasedTriggeringPolicy].
2025-03-16T01:27:35.976621600Z main DEBUG TimeBasedTriggeringPolicy$Builder(interval="null", modulate="null", maxRandomDelay="null")
2025-03-16T01:27:35.977540600Z main DEBUG Building Plugin[name=SizeBasedTriggeringPolicy, class=org.apache.logging.log4j.core.appender.rolling.SizeBasedTriggeringPolicy].
2025-03-16T01:27:35.979524700Z main DEBUG createPolicy(size="250 MB")
2025-03-16T01:27:35.980541500Z main DEBUG Building Plugin[name=Policies, class=org.apache.logging.log4j.core.appender.rolling.CompositeTriggeringPolicy].
2025-03-16T01:27:35.981635200Z main DEBUG createPolicy(={TimeBasedTriggeringPolicy(nextRolloverMillis=0, interval=1, modulate=false), SizeBasedTriggeringPolicy(size=262144000)})
2025-03-16T01:27:35.981635200Z main DEBUG Building Plugin[name=appender, class=org.apache.logging.log4j.core.appender.RollingFileAppender].
2025-03-16T01:27:35.986638200Z main DEBUG RollingFileAppender$Builder(fileName="C:\Users\amalw\eclipse-workspace\DataDrivenFramework\src\test\resources\logs\Application.log", filePattern="logs/${date:yyyy-MM}/app-%d{MM-dd-yyyy}-%i.log.gz", append="null", locking="null", Policies(CompositeTriggeringPolicy(policies=[TimeBasedTriggeringPolicy(nextRolloverMillis=0, interval=1, modulate=false), SizeBasedTriggeringPolicy(size=262144000)])), Strategy=null, advertise="null", advertiseUri="null", createOnDemand="null", filePermissions="null", fileOwner="null", fileGroup="null", bufferedIo="null", bufferSize="null", immediateFlush="null", ignoreExceptions="null", PatternLayout(%d{yyyy-MM-dd HH:mm:ss.SSS} [%t] %-5level %logger{36} - %msg%n), name="rolling", Configuration(C:\Users\amalw\eclipse-workspace\DataDrivenFramework\target\test-classes\log4j2.xml), Filter=null, ={})
2025-03-16T01:27:35.990647800Z main TRACE New file 'C:\Users\amalw\eclipse-workspace\DataDrivenFramework\src\test\resources\logs\Application.log' created = false
2025-03-16T01:27:35.992726300Z main DEBUG Returning file creation time for C:\Users\amalw\eclipse-workspace\DataDrivenFramework\src\test\resources\logs\Application.log
2025-03-16T01:27:35.992726300Z main DEBUG Starting RollingFileManager C:\Users\amalw\eclipse-workspace\DataDrivenFramework\src\test\resources\logs\Application.log
2025-03-16T01:27:35.993725600Z main DEBUG PluginManager 'FileConverter' found 2 plugins
2025-03-16T01:27:35.995726700Z main DEBUG Setting prev file time to 2025-03-15T19:09:11.985-0400
2025-03-16T01:27:35.996725700Z main DEBUG Initializing triggering policy CompositeTriggeringPolicy(policies=[TimeBasedTriggeringPolicy(nextRolloverMillis=0, interval=1, modulate=false), SizeBasedTriggeringPolicy(size=262144000)])
2025-03-16T01:27:35.996725700Z main DEBUG Initializing triggering policy TimeBasedTriggeringPolicy(nextRolloverMillis=0, interval=1, modulate=false)
2025-03-16T01:27:35.996725700Z main TRACE PatternProcessor.getNextTime returning 2025/03/16-00:00:00.000, nextFileTime=2025/03/15-00:00:00.000, prevFileTime=1969/12/31-19:00:00.000, current=2025/03/15-21:27:35.996, freq=DAILY
2025-03-16T01:27:35.997713700Z main TRACE PatternProcessor.getNextTime returning 2025/03/16-00:00:00.000, nextFileTime=2025/03/15-00:00:00.000, prevFileTime=2025/03/15-00:00:00.000, current=2025/03/15-21:27:35.997, freq=DAILY
2025-03-16T01:27:35.997713700Z main DEBUG Initializing triggering policy SizeBasedTriggeringPolicy(size=262144000)
2025-03-16T01:27:35.997713700Z main DEBUG Building Plugin[name=Appenders, class=org.apache.logging.log4j.core.config.AppendersPlugin].
2025-03-16T01:27:35.997713700Z main DEBUG createAppenders(={rolling})
2025-03-16T01:27:35.998668500Z main DEBUG Building Plugin[name=AppenderRef, class=org.apache.logging.log4j.core.config.AppenderRef].
2025-03-16T01:27:35.998668500Z main DEBUG createAppenderRef(ref="rolling", level="null", Filter=null)
2025-03-16T01:27:35.998668500Z main DEBUG Building Plugin[name=Root, class=org.apache.logging.log4j.core.config.LoggerConfig$RootLogger].
2025-03-16T01:27:35.999670500Z main DEBUG LoggerConfig$RootLogger$Builder(additivity="null", level="DEBUG", levelAndRefs="null", includeLocation="null", ={rolling}, ={}, Configuration(C:\Users\amalw\eclipse-workspace\DataDrivenFramework\target\test-classes\log4j2.xml), Filter=null)
2025-03-16T01:27:36.001671900Z main DEBUG Building Plugin[name=Loggers, class=org.apache.logging.log4j.core.config.LoggersPlugin].
2025-03-16T01:27:36.002646300Z main DEBUG createLoggers(={root})
2025-03-16T01:27:36.002973300Z main DEBUG Configuration XmlConfiguration[location=C:\Users\amalw\eclipse-workspace\DataDrivenFramework\target\test-classes\log4j2.xml, lastModified=2025-03-16T01:26:25.035Z] initialized
2025-03-16T01:27:36.002973300Z main INFO Starting configuration XmlConfiguration[location=C:\Users\amalw\eclipse-workspace\DataDrivenFramework\target\test-classes\log4j2.xml, lastModified=2025-03-16T01:26:25.035Z]...
2025-03-16T01:27:36.002973300Z main INFO Start watching for changes to C:\Users\amalw\eclipse-workspace\DataDrivenFramework\target\test-classes\log4j2.xml every 0 seconds
2025-03-16T01:27:36.002973300Z main INFO Configuration XmlConfiguration[location=C:\Users\amalw\eclipse-workspace\DataDrivenFramework\target\test-classes\log4j2.xml, lastModified=2025-03-16T01:26:25.035Z] started.
2025-03-16T01:27:36.003975600Z main INFO Stopping configuration org.apache.logging.log4j.core.config.DefaultConfiguration@614ca7df...
2025-03-16T01:27:36.003975600Z main TRACE DefaultConfiguration notified 1 ReliabilityStrategies that config will be stopped.
2025-03-16T01:27:36.003975600Z main TRACE DefaultConfiguration stopping root LoggerConfig.
2025-03-16T01:27:36.003975600Z main TRACE DefaultConfiguration notifying ReliabilityStrategies that appenders will be stopped.
2025-03-16T01:27:36.003975600Z main TRACE DefaultConfiguration stopping remaining Appenders.
2025-03-16T01:27:36.003975600Z main DEBUG Shutting down OutputStreamManager SYSTEM_OUT.false.false-1
2025-03-16T01:27:36.003975600Z main DEBUG OutputStream closed
2025-03-16T01:27:36.003975600Z main DEBUG Shut down OutputStreamManager SYSTEM_OUT.false.false-1, all resources released: true
2025-03-16T01:27:36.005052700Z main DEBUG Appender DefaultConsole-1 stopped with status true
2025-03-16T01:27:36.005052700Z main TRACE DefaultConfiguration stopped 1 remaining Appenders.
2025-03-16T01:27:36.005052700Z main TRACE DefaultConfiguration cleaning Appenders from 1 LoggerConfigs.
2025-03-16T01:27:36.005052700Z main INFO Configuration org.apache.logging.log4j.core.config.DefaultConfiguration@614ca7df stopped.
2025-03-16T01:27:36.006093700Z main TRACE Using default SystemClock for timestamps.
2025-03-16T01:27:36.007057800Z main DEBUG org.apache.logging.log4j.core.util.SystemClock supports precise timestamps.
2025-03-16T01:27:36.007932600Z main TRACE Using DummyNanoClock for nanosecond timestamps.
2025-03-16T01:27:36.007932600Z main DEBUG Reconfiguration complete for context[name=73d16e93] at URI C:\Users\amalw\eclipse-workspace\DataDrivenFramework\target\test-classes\log4j2.xml (org.apache.logging.log4j.core.LoggerContext@420a85c4) with optional ClassLoader: null
2025-03-16T01:27:36.007932600Z main DEBUG Shutdown hook enabled. Registering a new one.
2025-03-16T01:27:36.008934700Z main DEBUG LoggerContext[name=73d16e93, org.apache.logging.log4j.core.LoggerContext@420a85c4] started OK.
2025-03-16T01:27:36.620799100Z main DEBUG AsyncLogger.ThreadNameStrategy=UNCACHED (user specified null, default is UNCACHED)
2025-03-16T01:27:36.621798400Z main TRACE Using default SystemClock for timestamps.
2025-03-16T01:27:36.621798400Z main DEBUG org.apache.logging.log4j.core.util.SystemClock supports precise timestamps.
chrome
locator : bmlBtn_CSS
]]></system-out>
    <system-err><![CDATA[SLF4J: Failed to load class "org.slf4j.impl.StaticLoggerBinder".
SLF4J: Defaulting to no-operation (NOP) logger implementation
SLF4J: See http://www.slf4j.org/codes.html#StaticLoggerBinder for further details.
Mar 15, 2025 9:27:37 PM org.openqa.selenium.devtools.CdpVersionFinder findNearestMatch
WARNING: Unable to find an exact match for CDP version 134, returning the closest version; found: 133; Please update to a Selenium version that supports CDP version 134
]]></system-err>
  </testcase>
  <testcase name="addCustomerTest[{alerttext=Customer added successfully, postcode=A234wd, lastname=Wee, runmode=Y, firstname=Amal}](1)" classname="amal2004.testcases.AddCustomerTest" time="5.635">
    <system-out><![CDATA[locator : addCustBtn_CSS
locator : addbtn_CSS
]]></system-out>
    <system-err><![CDATA[log4j:WARN No appenders could be found for logger (freemarker.cache).
log4j:WARN Please initialize the log4j system properly.
]]></system-err>
  </testcase>
  <testcase name="addCustomerTest[{alerttext=Customer added successfully, postcode=A234wd, lastname=Arora, runmode=N, firstname=Rahul}](2)" classname="amal2004.testcases.AddCustomerTest" time="0.0">
    <skipped message="Skipping the test case as the Run mode for data set is NO"/>
  </testcase>
  <testcase name="addCustomerTest[{alerttext=Customer added successfully, postcode=A234wd, lastname=Arora, runmode=Y, firstname=Ishita}](3)" classname="amal2004.testcases.AddCustomerTest" time="4.365">
    <system-out><![CDATA[locator : addCustBtn_CSS
locator : addbtn_CSS
]]></system-out>
  </testcase>
  <testcase name="addCustomerTest[{alerttext=Customer added successfully, postcode=A234wd, lastname=Sehgal, runmode=Y, firstname=Rohit}](4)" classname="amal2004.testcases.AddCustomerTest" time="4.311">
    <system-out><![CDATA[locator : addCustBtn_CSS
locator : addbtn_CSS
]]></system-out>
  </testcase>
  <testcase name="openAccountTest[{currency=Rupee, customer=Amal Wee}](1)" classname="amal2004.testcases.OpenAccountTest" time="3.579">
    <system-out><![CDATA[locator : openaccount_CSS
locator : process_CSS
]]></system-out>
  </testcase>
</testsuite>