<?xml version="1.0" encoding="UTF-8"?>
<testsuite xmlns:xsi="http://www.w3.org/2001/XMLSchema-instance" xsi:noNamespaceSchemaLocation="https://maven.apache.org/surefire/maven-surefire-plugin/xsd/surefire-test-report.xsd" version="3.0.2" name="TestSuite" time="6.561" tests="8" errors="0" skipped="7" failures="1">
  <properties>
[...]
</properties>
  <testcase name="setUp" classname="amal2004.testcases.OpenAccountTest" time="5.888">
    <failure message="Could not start a new session. Response code 500. Message: session not created: This version of ChromeDriver only supports Chrome version 133&#10;Current browser version is 135.0.7049.96 with binary path C:\Program Files\Google\Chrome\Application\chrome.exe &#10;Host info: host: &apos;AMALS_HP_ENVY&apos;, ip: &apos;192.168.1.7&apos;&#10;Build info: version: &apos;4.29.0&apos;, revision: &apos;5fc1ec94cb&apos;&#10;System info: os.name: &apos;Windows 11&apos;, os.arch: &apos;amd64&apos;, os.version: &apos;10.0&apos;, java.version: &apos;17.0.5&apos;&#10;Driver info: org.openqa.selenium.chrome.ChromeDriver&#10;Command: [null, newSession {capabilities=[Capabilities {browserName: chrome, goog:chromeOptions: {args: [], extensions: []}}]}]" type="org.openqa.selenium.SessionNotCreatedException"><![CDATA[org.openqa.selenium.SessionNotCreatedException: 
Could not start a new session. Response code 500. Message: session not created: This version of ChromeDriver only supports Chrome version 133
Current browser version is 135.0.7049.96 with binary path C:\Program Files\Google\Chrome\Application\chrome.exe 
Host info: host: 'AMALS_HP_ENVY', ip: '192.168.1.7'
Build info: version: '4.29.0', revision: '5fc1ec94cb'
System info: os.name: 'Windows 11', os.arch: 'amd64', os.version: '10.0', java.version: '17.0.5'
Driver info: org.openqa.selenium.chrome.ChromeDriver
Command: [null, newSession {capabilities=[Capabilities {browserName: chrome, goog:chromeOptions: {args: [], extensions: []}}]}]
	at org.openqa.selenium.remote.ProtocolHandshake.createSession(ProtocolHandshake.java:114)
	at org.openqa.selenium.remote.ProtocolHandshake.createSession(ProtocolHandshake.java:75)
	at org.openqa.selenium.remote.ProtocolHandshake.createSession(ProtocolHandshake.java:61)
	at org.openqa.selenium.remote.HttpCommandExecutor.execute(HttpCommandExecutor.java:187)
	at org.openqa.selenium.remote.service.DriverCommandExecutor.invokeExecute(DriverCommandExecutor.java:216)
	at org.openqa.selenium.remote.service.DriverCommandExecutor.execute(DriverCommandExecutor.java:174)
	at org.openqa.selenium.remote.RemoteWebDriver.execute(RemoteWebDriver.java:545)
	at org.openqa.selenium.remote.RemoteWebDriver.startSession(RemoteWebDriver.java:245)
	at org.openqa.selenium.remote.RemoteWebDriver.<init>(RemoteWebDriver.java:174)
	at org.openqa.selenium.chromium.ChromiumDriver.<init>(ChromiumDriver.java:110)
	at org.openqa.selenium.chrome.ChromeDriver.<init>(ChromeDriver.java:88)
	at org.openqa.selenium.chrome.ChromeDriver.<init>(ChromeDriver.java:83)
	at org.openqa.selenium.chrome.ChromeDriver.<init>(ChromeDriver.java:51)
	at amal2004.base.TestBase.setUp(TestBase.java:84)
	at java.base/jdk.internal.reflect.NativeMethodAccessorImpl.invoke0(Native Method)
	at java.base/jdk.internal.reflect.NativeMethodAccessorImpl.invoke(NativeMethodAccessorImpl.java:77)
	at java.base/jdk.internal.reflect.DelegatingMethodAccessorImpl.invoke(DelegatingMethodAccessorImpl.java:43)
	at java.base/java.lang.reflect.Method.invoke(Method.java:568)
	at org.testng.internal.invokers.MethodInvocationHelper.invokeMethod(MethodInvocationHelper.java:141)
	at org.testng.internal.invokers.MethodInvocationHelper.invokeMethodConsideringTimeout(MethodInvocationHelper.java:71)
	at org.testng.internal.invokers.ConfigInvoker.invokeConfigurationMethod(ConfigInvoker.java:400)
	at org.testng.internal.invokers.ConfigInvoker.invokeConfigurations(ConfigInvoker.java:333)
	at org.testng.SuiteRunner.privateRun(SuiteRunner.java:358)
	at org.testng.SuiteRunner.run(SuiteRunner.java:312)
	at org.testng.SuiteRunnerWorker.runSuite(SuiteRunnerWorker.java:52)
	at org.testng.SuiteRunnerWorker.run(SuiteRunnerWorker.java:95)
	at org.testng.TestNG.runSuitesSequentially(TestNG.java:1274)
	at org.testng.TestNG.runSuitesLocally(TestNG.java:1208)
	at org.testng.TestNG.runSuites(TestNG.java:1112)
	at org.testng.TestNG.run(TestNG.java:1079)
	at org.apache.maven.surefire.testng.TestNGExecutor.run(TestNGExecutor.java:308)
	at org.apache.maven.surefire.testng.TestNGXmlTestSuite.execute(TestNGXmlTestSuite.java:71)
	at org.apache.maven.surefire.testng.TestNGProvider.invoke(TestNGProvider.java:113)
	at org.apache.maven.surefire.booter.ForkedBooter.runSuitesInProcess(ForkedBooter.java:385)
	at org.apache.maven.surefire.booter.ForkedBooter.execute(ForkedBooter.java:162)
	at org.apache.maven.surefire.booter.ForkedBooter.run(ForkedBooter.java:507)
	at org.apache.maven.surefire.booter.ForkedBooter.main(ForkedBooter.java:495)
]]></failure>
    <system-out><![CDATA[2025-04-21T14:41:43.188367500Z main DEBUG Apache Log4j Core 2.24 initializing configuration XmlConfiguration[location=C:\Users\amalw\eclipse-workspace\DataDrivenFramework\target\test-classes\log4j2.xml, lastModified=2025-03-21T04:05:20.086Z]
2025-04-21T14:41:43.190869200Z main DEBUG PluginManager 'Core' found 131 plugins
2025-04-21T14:41:43.191913500Z main DEBUG PluginManager 'Level' found 0 plugins
2025-04-21T14:41:43.196872Z main DEBUG PluginManager 'Lookup' found 16 plugins
2025-04-21T14:41:43.197882900Z main DEBUG Building Plugin[name=layout, class=org.apache.logging.log4j.core.layout.PatternLayout].
2025-04-21T14:41:43.211280300Z main TRACE TypeConverterRegistry initializing.
2025-04-21T14:41:43.211280300Z main DEBUG PluginManager 'TypeConverter' found 26 plugins
2025-04-21T14:41:43.227763200Z main DEBUG PatternLayout$Builder(pattern="%d{yyyy-MM-dd HH:mm:ss.SSS} [%t] %-5level %logger{36} - %msg%n", PatternSelector=null, Configuration(C:\Users\amalw\eclipse-workspace\DataDrivenFramework\target\test-classes\log4j2.xml), Replace=null, charset="null", alwaysWriteExceptions="null", disableAnsi="null", noConsoleNoAnsi="null", header="null", footer="null")
2025-04-21T14:41:43.228760400Z main DEBUG PluginManager 'Converter' found 45 plugins
2025-04-21T14:41:43.234155700Z main DEBUG Building Plugin[name=TimeBasedTriggeringPolicy, class=org.apache.logging.log4j.core.appender.rolling.TimeBasedTriggeringPolicy].
2025-04-21T14:41:43.236190900Z main DEBUG TimeBasedTriggeringPolicy$Builder(interval="null", modulate="null", maxRandomDelay="null")
2025-04-21T14:41:43.236190900Z main DEBUG Building Plugin[name=SizeBasedTriggeringPolicy, class=org.apache.logging.log4j.core.appender.rolling.SizeBasedTriggeringPolicy].
2025-04-21T14:41:43.242639200Z main DEBUG createPolicy(size="250 MB")
2025-04-21T14:41:43.244871900Z main DEBUG Building Plugin[name=Policies, class=org.apache.logging.log4j.core.appender.rolling.CompositeTriggeringPolicy].
2025-04-21T14:41:43.244871900Z main DEBUG createPolicy(={TimeBasedTriggeringPolicy(nextRolloverMillis=0, interval=1, modulate=false), SizeBasedTriggeringPolicy(size=262144000)})
2025-04-21T14:41:43.245877900Z main DEBUG Building Plugin[name=appender, class=org.apache.logging.log4j.core.appender.RollingFileAppender].
2025-04-21T14:41:43.252909Z main DEBUG RollingFileAppender$Builder(fileName=".\logs\Application.log", filePattern="logs/${date:yyyy-MM}/app-%d{MM-dd-yyyy}-%i.log.gz", append="null", locking="null", Policies(CompositeTriggeringPolicy(policies=[TimeBasedTriggeringPolicy(nextRolloverMillis=0, interval=1, modulate=false), SizeBasedTriggeringPolicy(size=262144000)])), Strategy=null, advertise="null", advertiseUri="null", createOnDemand="null", filePermissions="null", fileOwner="null", fileGroup="null", bufferedIo="null", bufferSize="null", immediateFlush="null", ignoreExceptions="null", PatternLayout(%d{yyyy-MM-dd HH:mm:ss.SSS} [%t] %-5level %logger{36} - %msg%n), name="rolling", Configuration(C:\Users\amalw\eclipse-workspace\DataDrivenFramework\target\test-classes\log4j2.xml), Filter=null, ={})
2025-04-21T14:41:43.261309900Z main TRACE New file '.\logs\Application.log' created = false
2025-04-21T14:41:43.264833900Z main DEBUG Returning file creation time for C:\Users\amalw\eclipse-workspace\DataDrivenFramework\.\logs\Application.log
2025-04-21T14:41:43.265852Z main DEBUG Starting RollingFileManager .\logs\Application.log
2025-04-21T14:41:43.266872900Z main DEBUG PluginManager 'FileConverter' found 2 plugins
2025-04-21T14:41:43.275144100Z main DEBUG Setting prev file time to 2025-04-02T10:10:15.390-0400
2025-04-21T14:41:43.275144100Z main DEBUG Initializing triggering policy CompositeTriggeringPolicy(policies=[TimeBasedTriggeringPolicy(nextRolloverMillis=0, interval=1, modulate=false), SizeBasedTriggeringPolicy(size=262144000)])
2025-04-21T14:41:43.276141300Z main DEBUG Initializing triggering policy TimeBasedTriggeringPolicy(nextRolloverMillis=0, interval=1, modulate=false)
2025-04-21T14:41:43.277432500Z main TRACE PatternProcessor.getNextTime returning 2025/04/03-00:00:00.000, nextFileTime=2025/04/02-00:00:00.000, prevFileTime=1969/12/31-19:00:00.000, current=2025/04/21-10:41:43.276, freq=DAILY
2025-04-21T14:41:43.278471700Z main TRACE PatternProcessor.getNextTime returning 2025/04/03-00:00:00.000, nextFileTime=2025/04/02-00:00:00.000, prevFileTime=2025/04/02-00:00:00.000, current=2025/04/21-10:41:43.277, freq=DAILY
2025-04-21T14:41:43.278471700Z main DEBUG Initializing triggering policy SizeBasedTriggeringPolicy(size=262144000)
2025-04-21T14:41:43.278471700Z main DEBUG Building Plugin[name=Appenders, class=org.apache.logging.log4j.core.config.AppendersPlugin].
2025-04-21T14:41:43.278471700Z main DEBUG createAppenders(={rolling})
2025-04-21T14:41:43.279469700Z main DEBUG Building Plugin[name=AppenderRef, class=org.apache.logging.log4j.core.config.AppenderRef].
2025-04-21T14:41:43.279469700Z main DEBUG createAppenderRef(ref="rolling", level="null", Filter=null)
2025-04-21T14:41:43.279469700Z main DEBUG Building Plugin[name=Root, class=org.apache.logging.log4j.core.config.LoggerConfig$RootLogger].
2025-04-21T14:41:43.282077300Z main DEBUG LoggerConfig$RootLogger$Builder(additivity="null", level="DEBUG", levelAndRefs="null", includeLocation="null", ={rolling}, ={}, Configuration(C:\Users\amalw\eclipse-workspace\DataDrivenFramework\target\test-classes\log4j2.xml), Filter=null)
2025-04-21T14:41:43.285946200Z main DEBUG Building Plugin[name=Loggers, class=org.apache.logging.log4j.core.config.LoggersPlugin].
2025-04-21T14:41:43.287260Z main DEBUG createLoggers(={root})
2025-04-21T14:41:43.287260Z main DEBUG Configuration XmlConfiguration[location=C:\Users\amalw\eclipse-workspace\DataDrivenFramework\target\test-classes\log4j2.xml, lastModified=2025-03-21T04:05:20.086Z] initialized
2025-04-21T14:41:43.287260Z main INFO Starting configuration XmlConfiguration[location=C:\Users\amalw\eclipse-workspace\DataDrivenFramework\target\test-classes\log4j2.xml, lastModified=2025-03-21T04:05:20.086Z]...
2025-04-21T14:41:43.288260400Z main INFO Start watching for changes to C:\Users\amalw\eclipse-workspace\DataDrivenFramework\target\test-classes\log4j2.xml every 0 seconds
2025-04-21T14:41:43.288260400Z main INFO Configuration XmlConfiguration[location=C:\Users\amalw\eclipse-workspace\DataDrivenFramework\target\test-classes\log4j2.xml, lastModified=2025-03-21T04:05:20.086Z] started.
2025-04-21T14:41:43.295333900Z main INFO Stopping configuration org.apache.logging.log4j.core.config.DefaultConfiguration@543588e6...
2025-04-21T14:41:43.296330700Z main TRACE DefaultConfiguration notified 1 ReliabilityStrategies that config will be stopped.
2025-04-21T14:41:43.296330700Z main TRACE DefaultConfiguration stopping root LoggerConfig.
2025-04-21T14:41:43.296330700Z main TRACE DefaultConfiguration notifying ReliabilityStrategies that appenders will be stopped.
2025-04-21T14:41:43.297328400Z main TRACE DefaultConfiguration stopping remaining Appenders.
2025-04-21T14:41:43.297328400Z main DEBUG Shutting down OutputStreamManager SYSTEM_OUT.false.false-1
2025-04-21T14:41:43.297328400Z main DEBUG OutputStream closed
2025-04-21T14:41:43.298324100Z main DEBUG Shut down OutputStreamManager SYSTEM_OUT.false.false-1, all resources released: true
2025-04-21T14:41:43.298324100Z main DEBUG Appender DefaultConsole-1 stopped with status true
2025-04-21T14:41:43.298324100Z main TRACE DefaultConfiguration stopped 1 remaining Appenders.
2025-04-21T14:41:43.298324100Z main TRACE DefaultConfiguration cleaning Appenders from 1 LoggerConfigs.
2025-04-21T14:41:43.298324100Z main INFO Configuration org.apache.logging.log4j.core.config.DefaultConfiguration@543588e6 stopped.
2025-04-21T14:41:43.300824Z main TRACE Using default SystemClock for timestamps.
2025-04-21T14:41:43.303047200Z main DEBUG org.apache.logging.log4j.core.util.SystemClock supports precise timestamps.
2025-04-21T14:41:43.303047200Z main TRACE Using DummyNanoClock for nanosecond timestamps.
2025-04-21T14:41:43.303047200Z main DEBUG Reconfiguration complete for context[name=73d16e93] at URI C:\Users\amalw\eclipse-workspace\DataDrivenFramework\target\test-classes\log4j2.xml (org.apache.logging.log4j.core.LoggerContext@24c4ddae) with optional ClassLoader: null
2025-04-21T14:41:43.303047200Z main DEBUG Shutdown hook enabled. Registering a new one.
2025-04-21T14:41:43.304045800Z main DEBUG LoggerContext[name=73d16e93, org.apache.logging.log4j.core.LoggerContext@24c4ddae] started OK.
2025-04-21T14:41:44.213984600Z main TRACE PatternProcessor.getNextTime returning 2025/04/22-00:00:00.000, nextFileTime=2025/04/21-00:00:00.000, prevFileTime=2025/04/02-00:00:00.000, current=2025/04/21-10:41:44.213, freq=DAILY
2025-04-21T14:41:44.215404900Z main DEBUG Formatting file name. useCurrentTime=false. currentFileTime=1745246504213, prevFileTime=1743566400000
2025-04-21T14:41:44.217494200Z main DEBUG Current file: .\logs\Application.log
2025-04-21T14:41:44.217494200Z main DEBUG Eligible files: {}
2025-04-21T14:41:44.218718200Z main DEBUG Formatting file name. useCurrentTime=false. currentFileTime=1745246504213, prevFileTime=1743566400000
2025-04-21T14:41:44.218718200Z main TRACE DefaultRolloverStrategy.purge() took 4.0 milliseconds
2025-04-21T14:41:44.221813800Z main DEBUG OutputStream closed
2025-04-21T14:41:44.221813800Z main DEBUG RollingFileManager executing synchronous FileRenameAction[.\logs\Application.log to logs\2025-04\app-04-02-2025-1.log, renameEmptyFiles=false]
2025-04-21T14:41:44.225036400Z main TRACE Renamed file C:\Users\amalw\eclipse-workspace\DataDrivenFramework\.\logs\Application.log to C:\Users\amalw\eclipse-workspace\DataDrivenFramework\logs\2025-04\app-04-02-2025-1.log with Files.move
2025-04-21T14:41:44.225036400Z main DEBUG RollingFileManager executing async GzCompressAction[logs\2025-04\app-04-02-2025-1.log to logs\2025-04\app-04-02-2025-1.log.gz, deleteSource=true]
2025-04-21T14:41:44.228028Z main DEBUG Now writing to .\logs\Application.log at 2025-04-21T10:41:44.227-0400
2025-04-21T14:41:44.234370700Z main DEBUG AsyncLogger.ThreadNameStrategy=UNCACHED (user specified null, default is UNCACHED)
2025-04-21T14:41:44.234370700Z main TRACE Using default SystemClock for timestamps.
2025-04-21T14:41:44.234370700Z main DEBUG org.apache.logging.log4j.core.util.SystemClock supports precise timestamps.
chrome
]]></system-out>
    <system-err><![CDATA[SLF4J: Failed to load class "org.slf4j.impl.StaticLoggerBinder".
SLF4J: Defaulting to no-operation (NOP) logger implementation
SLF4J: See http://www.slf4j.org/codes.html#StaticLoggerBinder for further details.
]]></system-err>
  </testcase>
  <testcase name="openAccountTest[{currency=Rupee, customer=Amal Wee}](1)" classname="amal2004.testcases.OpenAccountTest" time="0.0">
    <skipped message="Could not start a new session. Response code 500. Message: session not created: This version of ChromeDriver only supports Chrome version 133&#10;Current browser version is 135.0.7049.96 with binary path C:\Program Files\Google\Chrome\Application\chrome.exe &#10;Host info: host: &apos;AMALS_HP_ENVY&apos;, ip: &apos;192.168.1.7&apos;&#10;Build info: version: &apos;4.29.0&apos;, revision: &apos;5fc1ec94cb&apos;&#10;System info: os.name: &apos;Windows 11&apos;, os.arch: &apos;amd64&apos;, os.version: &apos;10.0&apos;, java.version: &apos;17.0.5&apos;&#10;Driver info: org.openqa.selenium.chrome.ChromeDriver&#10;Command: [null, newSession {capabilities=[Capabilities {browserName: chrome, goog:chromeOptions: {args: [], extensions: []}}]}]"/>
  </testcase>
  <testcase name="tearDown" classname="amal2004.testcases.OpenAccountTest" time="0.0">
    <skipped/>
  </testcase>
  <testcase name="bankManagerLoginTest" classname="amal2004.testcases.BankManagerLoginTest" time="0.0">
    <skipped message="Could not start a new session. Response code 500. Message: session not created: This version of ChromeDriver only supports Chrome version 133&#10;Current browser version is 135.0.7049.96 with binary path C:\Program Files\Google\Chrome\Application\chrome.exe &#10;Host info: host: &apos;AMALS_HP_ENVY&apos;, ip: &apos;192.168.1.7&apos;&#10;Build info: version: &apos;4.29.0&apos;, revision: &apos;5fc1ec94cb&apos;&#10;System info: os.name: &apos;Windows 11&apos;, os.arch: &apos;amd64&apos;, os.version: &apos;10.0&apos;, java.version: &apos;17.0.5&apos;&#10;Driver info: org.openqa.selenium.chrome.ChromeDriver&#10;Command: [null, newSession {capabilities=[Capabilities {browserName: chrome, goog:chromeOptions: {args: [], extensions: []}}]}]"/>
  </testcase>
  <testcase name="addCustomerTest[{alerttext=Customer added successfully, postcode=A234wd, lastname=Wee, runmode=Y, firstname=Amal}](1)" classname="amal2004.testcases.AddCustomerTest" time="0.0">
    <skipped message="Could not start a new session. Response code 500. Message: session not created: This version of ChromeDriver only supports Chrome version 133&#10;Current browser version is 135.0.7049.96 with binary path C:\Program Files\Google\Chrome\Application\chrome.exe &#10;Host info: host: &apos;AMALS_HP_ENVY&apos;, ip: &apos;192.168.1.7&apos;&#10;Build info: version: &apos;4.29.0&apos;, revision: &apos;5fc1ec94cb&apos;&#10;System info: os.name: &apos;Windows 11&apos;, os.arch: &apos;amd64&apos;, os.version: &apos;10.0&apos;, java.version: &apos;17.0.5&apos;&#10;Driver info: org.openqa.selenium.chrome.ChromeDriver&#10;Command: [null, newSession {capabilities=[Capabilities {browserName: chrome, goog:chromeOptions: {args: [], extensions: []}}]}]"/>
  </testcase>
  <testcase name="addCustomerTest[{alerttext=Customer added successfully, postcode=A234wd, lastname=Arora, runmode=N, firstname=Rahul}](2)" classname="amal2004.testcases.AddCustomerTest" time="0.0">
    <skipped message="Could not start a new session. Response code 500. Message: session not created: This version of ChromeDriver only supports Chrome version 133&#10;Current browser version is 135.0.7049.96 with binary path C:\Program Files\Google\Chrome\Application\chrome.exe &#10;Host info: host: &apos;AMALS_HP_ENVY&apos;, ip: &apos;192.168.1.7&apos;&#10;Build info: version: &apos;4.29.0&apos;, revision: &apos;5fc1ec94cb&apos;&#10;System info: os.name: &apos;Windows 11&apos;, os.arch: &apos;amd64&apos;, os.version: &apos;10.0&apos;, java.version: &apos;17.0.5&apos;&#10;Driver info: org.openqa.selenium.chrome.ChromeDriver&#10;Command: [null, newSession {capabilities=[Capabilities {browserName: chrome, goog:chromeOptions: {args: [], extensions: []}}]}]"/>
  </testcase>
  <testcase name="addCustomerTest[{alerttext=Customer added successfully, postcode=A234wd, lastname=Arora, runmode=Y, firstname=Ishita}](3)" classname="amal2004.testcases.AddCustomerTest" time="0.0">
    <skipped message="Could not start a new session. Response code 500. Message: session not created: This version of ChromeDriver only supports Chrome version 133&#10;Current browser version is 135.0.7049.96 with binary path C:\Program Files\Google\Chrome\Application\chrome.exe &#10;Host info: host: &apos;AMALS_HP_ENVY&apos;, ip: &apos;192.168.1.7&apos;&#10;Build info: version: &apos;4.29.0&apos;, revision: &apos;5fc1ec94cb&apos;&#10;System info: os.name: &apos;Windows 11&apos;, os.arch: &apos;amd64&apos;, os.version: &apos;10.0&apos;, java.version: &apos;17.0.5&apos;&#10;Driver info: org.openqa.selenium.chrome.ChromeDriver&#10;Command: [null, newSession {capabilities=[Capabilities {browserName: chrome, goog:chromeOptions: {args: [], extensions: []}}]}]"/>
  </testcase>
  <testcase name="addCustomerTest[{alerttext=Customer added successfully, postcode=A234wd, lastname=Sehgal, runmode=Y, firstname=Rohit}](4)" classname="amal2004.testcases.AddCustomerTest" time="0.0">
    <skipped message="Could not start a new session. Response code 500. Message: session not created: This version of ChromeDriver only supports Chrome version 133&#10;Current browser version is 135.0.7049.96 with binary path C:\Program Files\Google\Chrome\Application\chrome.exe &#10;Host info: host: &apos;AMALS_HP_ENVY&apos;, ip: &apos;192.168.1.7&apos;&#10;Build info: version: &apos;4.29.0&apos;, revision: &apos;5fc1ec94cb&apos;&#10;System info: os.name: &apos;Windows 11&apos;, os.arch: &apos;amd64&apos;, os.version: &apos;10.0&apos;, java.version: &apos;17.0.5&apos;&#10;Driver info: org.openqa.selenium.chrome.ChromeDriver&#10;Command: [null, newSession {capabilities=[Capabilities {browserName: chrome, goog:chromeOptions: {args: [], extensions: []}}]}]"/>
  </testcase>
</testsuite>