<?xml version="1.0" encoding="UTF-8"?>
<testng-results ignored="0" total="6" passed="5" failed="0" skipped="1">
  <reporter-output>
    <line>
      <![CDATA[Login Successfully Executed!]]>
    </line>
  </reporter-output>
  <suite started-at="2025-03-29T17:40:14 EDT" name="Data Driven Framework" finished-at="2025-03-29T17:40:36 EDT" duration-ms="22442">
    <groups>
    </groups>
    <test started-at="2025-03-29T17:40:14 EDT" name="Bank Manager Login Test" finished-at="2025-03-29T17:40:19 EDT" duration-ms="5185">
      <class name="amal2004.testcases.BankManagerLoginTest">
        <test-method signature="bankManagerLoginTest()[pri:0, instance:amal2004.testcases.BankManagerLoginTest@6b9c69a9]" started-at="2025-03-29T17:40:14 EDT" name="bankManagerLoginTest" finished-at="2025-03-29T17:40:19 EDT" duration-ms="5133" status="PASS">
          <reporter-output>
            <line>
              <![CDATA[Login Successfully Executed!]]>
            </line>
          </reporter-output>
        </test-method> <!-- bankManagerLoginTest -->
      </class> <!-- amal2004.testcases.BankManagerLoginTest -->
    </test> <!-- Bank Manager Login Test -->
    <test started-at="2025-03-29T17:40:20 EDT" name="Add Customer Login Test" finished-at="2025-03-29T17:40:33 EDT" duration-ms="13880">
      <class name="amal2004.testcases.AddCustomerTest">
        <test-method signature="addCustomerTest(java.util.Hashtable)[pri:0, instance:amal2004.testcases.AddCustomerTest@58f174d9]" started-at="2025-03-29T17:40:20 EDT" name="addCustomerTest" data-provider="dp" finished-at="2025-03-29T17:40:25 EDT" duration-ms="5244" status="PASS">
          <params>
            <param index="0">
              <value>
                <![CDATA[{alerttext=Customer added successfully, postcode=A234wd, lastname=Wee, runmode=Y, firstname=Amal}]]>
              </value>
            </param>
          </params>
          <reporter-output>
          </reporter-output>
        </test-method> <!-- addCustomerTest -->
        <test-method signature="addCustomerTest(java.util.Hashtable)[pri:0, instance:amal2004.testcases.AddCustomerTest@58f174d9]" started-at="2025-03-29T17:40:25 EDT" name="addCustomerTest" data-provider="dp" finished-at="2025-03-29T17:40:25 EDT" duration-ms="3" status="SKIP">
          <params>
            <param index="0">
              <value>
                <![CDATA[{alerttext=Customer added successfully, postcode=A234wd, lastname=Arora, runmode=N, firstname=Rahul}]]>
              </value>
            </param>
          </params>
          <exception class="org.testng.SkipException">
            <message>
              <![CDATA[Skipping the test case as the Run mode for data set is NO]]>
            </message>
            <full-stacktrace>
              <![CDATA[org.testng.SkipException: Skipping the test case as the Run mode for data set is NO
at amal2004.testcases.AddCustomerTest.addCustomerTest(AddCustomerTest.java:21)
at java.base/jdk.internal.reflect.NativeMethodAccessorImpl.invoke0(Native Method)
at java.base/jdk.internal.reflect.NativeMethodAccessorImpl.invoke(NativeMethodAccessorImpl.java:77)
at java.base/jdk.internal.reflect.DelegatingMethodAccessorImpl.invoke(DelegatingMethodAccessorImpl.java:43)
at java.base/java.lang.reflect.Method.invoke(Method.java:568)
at org.testng.internal.invokers.MethodInvocationHelper.invokeMethod(MethodInvocationHelper.java:141)
at org.testng.internal.invokers.TestInvoker.invokeMethod(TestInvoker.java:686)
at org.testng.internal.invokers.TestInvoker.invokeTestMethod(TestInvoker.java:230)
at org.testng.internal.invokers.MethodRunner.runInSequence(MethodRunner.java:63)
at org.testng.internal.invokers.TestInvoker$MethodInvocationAgent.invoke(TestInvoker.java:992)
at org.testng.internal.invokers.TestInvoker.invokeTestMethods(TestInvoker.java:203)
at org.testng.internal.invokers.TestMethodWorker.invokeTestMethods(TestMethodWorker.java:154)
at org.testng.internal.invokers.TestMethodWorker.run(TestMethodWorker.java:134)
at java.base/java.util.ArrayList.forEach(ArrayList.java:1511)
at org.testng.TestRunner.privateRun(TestRunner.java:739)
at org.testng.TestRunner.run(TestRunner.java:614)
at org.testng.SuiteRunner.runTest(SuiteRunner.java:421)
at org.testng.SuiteRunner.runSequentially(SuiteRunner.java:413)
at org.testng.SuiteRunner.privateRun(SuiteRunner.java:373)
at org.testng.SuiteRunner.run(SuiteRunner.java:312)
at org.testng.SuiteRunnerWorker.runSuite(SuiteRunnerWorker.java:52)
at org.testng.SuiteRunnerWorker.run(SuiteRunnerWorker.java:95)
at org.testng.TestNG.runSuitesSequentially(TestNG.java:1274)
at org.testng.TestNG.runSuitesLocally(TestNG.java:1208)
at org.testng.TestNG.runSuites(TestNG.java:1112)
at org.testng.TestNG.run(TestNG.java:1079)
at org.testng.remote.AbstractRemoteTestNG.run(AbstractRemoteTestNG.java:115)
at org.testng.remote.RemoteTestNG.initAndRun(RemoteTestNG.java:293)
at org.testng.remote.RemoteTestNG.main(RemoteTestNG.java:91)
]]>
            </full-stacktrace>
          </exception> <!-- org.testng.SkipException -->
          <reporter-output>
          </reporter-output>
        </test-method> <!-- addCustomerTest -->
        <test-method signature="addCustomerTest(java.util.Hashtable)[pri:0, instance:amal2004.testcases.AddCustomerTest@58f174d9]" started-at="2025-03-29T17:40:25 EDT" name="addCustomerTest" data-provider="dp" finished-at="2025-03-29T17:40:29 EDT" duration-ms="4302" status="PASS">
          <params>
            <param index="0">
              <value>
                <![CDATA[{alerttext=Customer added successfully, postcode=A234wd, lastname=Arora, runmode=Y, firstname=Ishita}]]>
              </value>
            </param>
          </params>
          <reporter-output>
          </reporter-output>
        </test-method> <!-- addCustomerTest -->
        <test-method signature="addCustomerTest(java.util.Hashtable)[pri:0, instance:amal2004.testcases.AddCustomerTest@58f174d9]" started-at="2025-03-29T17:40:29 EDT" name="addCustomerTest" data-provider="dp" finished-at="2025-03-29T17:40:33 EDT" duration-ms="4284" status="PASS">
          <params>
            <param index="0">
              <value>
                <![CDATA[{alerttext=Customer added successfully, postcode=A234wd, lastname=Sehgal, runmode=Y, firstname=Rohit}]]>
              </value>
            </param>
          </params>
          <reporter-output>
          </reporter-output>
        </test-method> <!-- addCustomerTest -->
      </class> <!-- amal2004.testcases.AddCustomerTest -->
    </test> <!-- Add Customer Login Test -->
    <test started-at="2025-03-29T17:40:33 EDT" name="Open Account Test" finished-at="2025-03-29T17:40:36 EDT" duration-ms="2843">
      <class name="amal2004.testcases.OpenAccountTest">
        <test-method is-config="true" signature="setUp()[pri:0, instance:amal2004.testcases.OpenAccountTest@4d6f623d]" started-at="2025-03-29T17:40:05 EDT" name="setUp" finished-at="2025-03-29T17:40:14 EDT" duration-ms="8584" status="PASS">
          <reporter-output>
          </reporter-output>
        </test-method> <!-- setUp -->
        <test-method signature="openAccountTest(java.util.Hashtable)[pri:0, instance:amal2004.testcases.OpenAccountTest@4d6f623d]" started-at="2025-03-29T17:40:33 EDT" name="openAccountTest" data-provider="dp" finished-at="2025-03-29T17:40:36 EDT" duration-ms="2836" status="PASS">
          <params>
            <param index="0">
              <value>
                <![CDATA[{currency=Rupee, customer=Amal Wee}]]>
              </value>
            </param>
          </params>
          <reporter-output>
          </reporter-output>
        </test-method> <!-- openAccountTest -->
        <test-method is-config="true" signature="tearDown()[pri:0, instance:amal2004.testcases.OpenAccountTest@4d6f623d]" started-at="2025-03-29T17:40:36 EDT" name="tearDown" finished-at="2025-03-29T17:40:37 EDT" duration-ms="982" status="PASS">
          <reporter-output>
          </reporter-output>
        </test-method> <!-- tearDown -->
      </class> <!-- amal2004.testcases.OpenAccountTest -->
    </test> <!-- Open Account Test -->
  </suite> <!-- Data Driven Framework -->
</testng-results>
